<?xml version="1.0" encoding="UTF-8"?>
<!-- Generated by org.testng.reporters.JUnitXMLReporter -->
<testsuite ignored="0" hostname="Vinay-Adapa" failures="1" tests="4" name="Test" time="100.203" errors="0" timestamp="2023-11-21T14:04:01 IST">
  <testcase classname="NaukriTestcases.NaukriTestcases" name="LaunchUrl" time="3.1"/>
  <testcase classname="NaukriTestcases.NaukriTestcases" name="user_Login" time="3.802"/>
  <testcase classname="NaukriTestcases.NaukriTestcases" name="user_Login" time="83.734">
    <failure type="java.lang.AssertionError" message="expected [true] but found [false]">
      <![CDATA[java.lang.AssertionError: expected [true] but found [false]
at Utilities.ActionFunctions.stringValidation(ActionFunctions.java:64)
at NaukriTestcases.NaukriTestcases.user_Login(NaukriTestcases.java:33)
at java.base/java.util.ArrayList.forEach(ArrayList.java:1511)
... Removed 31 stack frames]]>
    </failure>
  </testcase> <!-- user_Login -->
  <testcase classname="NaukriTestcases.NaukriTestcases" name="uploadResume" time="0.0">
    <skipped/>
  </testcase> <!-- uploadResume -->
</testsuite> <!-- Test -->
