<?xml version="1.0" encoding="UTF-8"?>
<testng-results ignored="0" total="3" passed="2" failed="1" skipped="0">
  <reporter-output>
  </reporter-output>
  <suite started-at="2023-11-21T17:20:48 IST" name="Default suite" finished-at="2023-11-21T17:21:23 IST" duration-ms="35233">
    <groups>
    </groups>
    <test started-at="2023-11-21T17:20:48 IST" name="Default test" finished-at="2023-11-21T17:21:23 IST" duration-ms="35233">
      <class name="NaukriTestcases.NaukriTestcases">
        <test-method is-config="true" signature="launchBrowser()[pri:0, instance:NaukriTestcases.NaukriTestcases@741a8937]" started-at="2023-11-21T17:20:48 IST" name="launchBrowser" finished-at="2023-11-21T17:20:52 IST" duration-ms="3469" status="PASS">
          <reporter-output>
          </reporter-output>
        </test-method> <!-- launchBrowser -->
        <test-method signature="LaunchUrl()[pri:1, instance:NaukriTestcases.NaukriTestcases@741a8937]" started-at="2023-11-21T17:20:52 IST" name="LaunchUrl" finished-at="2023-11-21T17:20:55 IST" duration-ms="3788" status="PASS">
          <reporter-output>
          </reporter-output>
        </test-method> <!-- LaunchUrl -->
        <test-method signature="user_Login(java.lang.String,java.lang.String,java.lang.String,java.lang.String)[pri:0, instance:NaukriTestcases.NaukriTestcases@741a8937]" started-at="2023-11-21T17:20:55 IST" name="user_Login" data-provider="userData" finished-at="2023-11-21T17:21:12 IST" depends-on-methods="NaukriTestcases.NaukriTestcases.LaunchUrl" duration-ms="16433" status="PASS">
          <params>
            <param index="0">
              <value>
                <![CDATA[vinayadapa7777@gmail.com]]>
              </value>
            </param>
            <param index="1">
              <value>
                <![CDATA[Ashokadapa333@]]>
              </value>
            </param>
            <param index="2">
              <value>
                <![CDATA[Vinay Adapa]]>
              </value>
            </param>
            <param index="3">
              <value>
                <![CDATA[D:\VinayAutomation\Naukri\InputFiles\vinayresume.exe]]>
              </value>
            </param>
          </params>
          <reporter-output>
          </reporter-output>
        </test-method> <!-- user_Login -->
        <test-method signature="user_Login(java.lang.String,java.lang.String,java.lang.String,java.lang.String)[pri:0, instance:NaukriTestcases.NaukriTestcases@741a8937]" started-at="2023-11-21T17:21:12 IST" name="user_Login" data-provider="userData" finished-at="2023-11-21T17:21:18 IST" depends-on-methods="NaukriTestcases.NaukriTestcases.LaunchUrl" duration-ms="6169" status="FAIL">
          <params>
            <param index="0">
              <value>
                <![CDATA[rajeswariramu98@gmail.com]]>
              </value>
            </param>
            <param index="1">
              <value>
                <![CDATA[Raji@123]]>
              </value>
            </param>
            <param index="2">
              <value>
                <![CDATA[Nallavala Rajeswari]]>
              </value>
            </param>
            <param index="3">
              <value>
                <![CDATA[D:\VinayAutomation\Naukri\InputFiles\rajeswariresume.exe]]>
              </value>
            </param>
          </params>
          <exception class="java.lang.AssertionError">
            <message>
              <![CDATA[expected [true] but found [false]]]>
            </message>
            <full-stacktrace>
              <![CDATA[java.lang.AssertionError: expected [true] but found [false]
at org.testng.Assert.fail(Assert.java:99)
at org.testng.Assert.failNotEquals(Assert.java:1037)
at org.testng.Assert.assertTrue(Assert.java:45)
at org.testng.Assert.assertTrue(Assert.java:55)
at Utilities.ActionFunctions.stringValidation(ActionFunctions.java:64)
at NaukriTestcases.NaukriTestcases.user_Login(NaukriTestcases.java:31)
at java.base/jdk.internal.reflect.NativeMethodAccessorImpl.invoke0(Native Method)
at java.base/jdk.internal.reflect.NativeMethodAccessorImpl.invoke(NativeMethodAccessorImpl.java:77)
at java.base/jdk.internal.reflect.DelegatingMethodAccessorImpl.invoke(DelegatingMethodAccessorImpl.java:43)
at java.base/java.lang.reflect.Method.invoke(Method.java:568)
at org.testng.internal.MethodInvocationHelper.invokeMethod(MethodInvocationHelper.java:133)
at org.testng.internal.TestInvoker.invokeMethod(TestInvoker.java:598)
at org.testng.internal.TestInvoker.invokeTestMethod(TestInvoker.java:173)
at org.testng.internal.MethodRunner.runInSequence(MethodRunner.java:46)
at org.testng.internal.TestInvoker$MethodInvocationAgent.invoke(TestInvoker.java:824)
at org.testng.internal.TestInvoker.invokeTestMethods(TestInvoker.java:146)
at org.testng.internal.TestMethodWorker.invokeTestMethods(TestMethodWorker.java:146)
at org.testng.internal.TestMethodWorker.run(TestMethodWorker.java:128)
at java.base/java.util.ArrayList.forEach(ArrayList.java:1511)
at org.testng.TestRunner.privateRun(TestRunner.java:794)
at org.testng.TestRunner.run(TestRunner.java:596)
at org.testng.SuiteRunner.runTest(SuiteRunner.java:377)
at org.testng.SuiteRunner.runSequentially(SuiteRunner.java:371)
at org.testng.SuiteRunner.privateRun(SuiteRunner.java:332)
at org.testng.SuiteRunner.run(SuiteRunner.java:276)
at org.testng.SuiteRunnerWorker.runSuite(SuiteRunnerWorker.java:53)
at org.testng.SuiteRunnerWorker.run(SuiteRunnerWorker.java:96)
at org.testng.TestNG.runSuitesSequentially(TestNG.java:1212)
at org.testng.TestNG.runSuitesLocally(TestNG.java:1134)
at org.testng.TestNG.runSuites(TestNG.java:1063)
at org.testng.TestNG.run(TestNG.java:1031)
at org.testng.remote.AbstractRemoteTestNG.run(AbstractRemoteTestNG.java:115)
at org.testng.remote.RemoteTestNG.initAndRun(RemoteTestNG.java:251)
at org.testng.remote.RemoteTestNG.main(RemoteTestNG.java:77)
]]>
            </full-stacktrace>
          </exception> <!-- java.lang.AssertionError -->
          <reporter-output>
          </reporter-output>
        </test-method> <!-- user_Login -->
        <test-method is-config="true" signature="closeBrowser()[pri:0, instance:NaukriTestcases.NaukriTestcases@741a8937]" started-at="2023-11-21T17:21:18 IST" name="closeBrowser" finished-at="2023-11-21T17:21:23 IST" duration-ms="5301" status="PASS">
          <reporter-output>
          </reporter-output>
        </test-method> <!-- closeBrowser -->
      </class> <!-- NaukriTestcases.NaukriTestcases -->
    </test> <!-- Default test -->
  </suite> <!-- Default suite -->
</testng-results>
